Unity Editor version:    2020.3.43f1 (75bff06b76bf)
Branch:                  2020.3/staging
Build type:              Release
Batch mode:              YES
macOS version:           Version 11.5 (Build 20G71)
Darwin version:          20.6.0
Architecture:            x86_64
Running under Rosetta:   NO
Available memory:        8192 MB
Using pre-set license
Pro License: NO

COMMAND LINE ARGUMENTS:
/Applications/2020.3.43f1/Unity.app/Contents/MacOS/Unity
-adb2
-batchMode
-noUpm
-name
AssetImportWorker0
-projectPath
/Users/hosokawashigeki/Dropbox/Unity/github/AsteraX UCP C01 V10 - Asteroids Challenge
-logFile
Logs/AssetImportWorker0.log
-srvPort
51124
Successfully changed project path to: /Users/hosokawashigeki/Dropbox/Unity/github/AsteraX UCP C01 V10 - Asteroids Challenge
/Users/hosokawashigeki/Dropbox/Unity/github/AsteraX UCP C01 V10 - Asteroids Challenge
Using Asset Import Pipeline V2.
Refreshing native plugins compatible for Editor in 77.32 ms, found 2 plugins.
Preloading 0 native plugins for Editor in 0.00 ms.
Initialize engine version: 2020.3.43f1 (75bff06b76bf)
[Subsystems] Discovering subsystems at path /Applications/2020.3.43f1/Unity.app/Contents/Resources/UnitySubsystems
[Subsystems] Discovering subsystems at path /Users/hosokawashigeki/Dropbox/Unity/github/AsteraX UCP C01 V10 - Asteroids Challenge/Assets
GfxDevice: creating device client; threaded=0
2023-04-02 11:39:20.058 Unity[8354:56099] Color LCD preferred device: Intel(R) Iris(TM) Plus Graphics 645 (low power)
2023-04-02 11:39:20.058 Unity[8354:56099] Metal devices available: 1
2023-04-02 11:39:20.058 Unity[8354:56099] 0: Intel(R) Iris(TM) Plus Graphics 645 (low power)
2023-04-02 11:39:20.059 Unity[8354:56099] Using device Intel(R) Iris(TM) Plus Graphics 645 (low power)
Initializing Metal device caps: Intel(R) Iris(TM) Plus Graphics 645
Initialize mono
Mono path[0] = '/Applications/2020.3.43f1/Unity.app/Contents/Managed'
Mono path[1] = '/Applications/2020.3.43f1/Unity.app/Contents/MonoBleedingEdge/lib/mono/unityjit'
Mono config path = '/Applications/2020.3.43f1/Unity.app/Contents/MonoBleedingEdge/etc'
Using monoOptions --debugger-agent=transport=dt_socket,embedding=1,server=y,suspend=n,address=127.0.0.1:56354
Begin MonoManager ReloadAssembly
Registering precompiled unity dll's ...
Register platform support module: /Applications/2020.3.43f1/Unity.app/Contents/PlaybackEngines/MacStandaloneSupport/UnityEditor.OSXStandalone.Extensions.dll
Registered in 0.001742 seconds.
Native extension for OSXStandalone target not found
Refreshing native plugins compatible for Editor in 65.21 ms, found 2 plugins.
Preloading 0 native plugins for Editor in 0.00 ms.
Mono: successfully reloaded assembly
- Completed reload, in  0.901 seconds
Domain Reload Profiling:
	ReloadAssembly (902ms)
		BeginReloadAssembly (133ms)
			ExecutionOrderSort (0ms)
			DisableScriptedObjects (0ms)
			BackupInstance (0ms)
			ReleaseScriptingObjects (0ms)
			CreateAndSetChildDomain (1ms)
		EndReloadAssembly (677ms)
			LoadAssemblies (133ms)
			RebuildTransferFunctionScriptingTraits (0ms)
			SetupTypeCache (228ms)
			ReleaseScriptCaches (0ms)
			RebuildScriptCaches (51ms)
			SetupLoadedEditorAssemblies (284ms)
				LogAssemblyErrors (0ms)
				InitializePlatformSupportModulesInManaged (6ms)
				SetLoadedEditorAssemblies (0ms)
				RefreshPlugins (65ms)
				BeforeProcessingInitializeOnLoad (47ms)
				ProcessInitializeOnLoadAttributes (125ms)
				ProcessInitializeOnLoadMethodAttributes (40ms)
				AfterProcessingInitializeOnLoad (0ms)
				EditorAssembliesLoaded (0ms)
			ExecutionOrderSort2 (0ms)
			AwakeInstancesAfterBackupRestoration (0ms)
Platform modules already initialized, skipping
Registering precompiled user dll's ...
Registered in 0.004680 seconds.
