Unity Editor version:    2020.3.17f1 (a4537701e4ab)
Branch:                  2020.3/staging
Build type:              Release
Batch mode:              YES
macOS version:           Version 11.5 (Build 20G71)
Darwin version:          20.6.0
Architecture:            x86_64
Running under Rosetta:   NO
Available memory:        8192 MB
Using pre-set license
Pro License: NO

COMMAND LINE ARGUMENTS:
/Applications/2020.3.17f1/Unity.app/Contents/MacOS/Unity
-adb2
-batchMode
-noUpm
-name
AssetImportWorker1
-projectPath
/Volumes/SSD-PUTA/Dropboxから移行/private/Unity/github/Unity/RPG
-logFile
Logs/AssetImportWorker1.log
-srvPort
49561
Successfully changed project path to: /Volumes/SSD-PUTA/Dropboxから移行/private/Unity/github/Unity/RPG
/Volumes/SSD-PUTA/Dropboxから移行/private/Unity/github/Unity/RPG
Using Asset Import Pipeline V2.
Refreshing native plugins compatible for Editor in 55.18 ms, found 3 plugins.
Preloading 0 native plugins for Editor in 0.00 ms.
Initialize engine version: 2020.3.17f1 (a4537701e4ab)
[Subsystems] Discovering subsystems at path /Applications/2020.3.17f1/Unity.app/Contents/Resources/UnitySubsystems
[Subsystems] Discovering subsystems at path /Volumes/SSD-PUTA/Dropboxから移行/private/Unity/github/Unity/RPG/Assets
GfxDevice: creating device client; threaded=0
2022-08-15 19:26:46.877 Unity[4235:28847] Color LCD preferred device: Intel(R) Iris(TM) Plus Graphics 645 (low power)
2022-08-15 19:26:46.877 Unity[4235:28847] Metal devices available: 1
2022-08-15 19:26:46.877 Unity[4235:28847] 0: Intel(R) Iris(TM) Plus Graphics 645 (low power)
2022-08-15 19:26:46.878 Unity[4235:28847] Using device Intel(R) Iris(TM) Plus Graphics 645 (low power)
Initializing Metal device caps: Intel(R) Iris(TM) Plus Graphics 645
Initialize mono
Mono path[0] = '/Applications/2020.3.17f1/Unity.app/Contents/Managed'
Mono path[1] = '/Applications/2020.3.17f1/Unity.app/Contents/MonoBleedingEdge/lib/mono/unityjit'
Mono config path = '/Applications/2020.3.17f1/Unity.app/Contents/MonoBleedingEdge/etc'
Using monoOptions --debugger-agent=transport=dt_socket,embedding=1,server=y,suspend=n,address=127.0.0.1:56235
Begin MonoManager ReloadAssembly
Registering precompiled unity dll's ...
Register platform support module: /Applications/2020.3.17f1/PlaybackEngines/WebGLSupport/UnityEditor.WebGL.Extensions.dll
Register platform support module: /Applications/2020.3.17f1/Unity.app/Contents/PlaybackEngines/MacStandaloneSupport/UnityEditor.OSXStandalone.Extensions.dll
Registered in 0.001095 seconds.
Native extension for OSXStandalone target not found
Native extension for WebGL target not found
Refreshing native plugins compatible for Editor in 42.66 ms, found 3 plugins.
Preloading 0 native plugins for Editor in 0.00 ms.
Mono: successfully reloaded assembly
- Completed reload, in  2.874 seconds
Domain Reload Profiling:
	ReloadAssembly (2874ms)
		BeginReloadAssembly (65ms)
			ExecutionOrderSort (0ms)
			DisableScriptedObjects (0ms)
			BackupInstance (0ms)
			ReleaseScriptingObjects (0ms)
			CreateAndSetChildDomain (1ms)
		EndReloadAssembly (591ms)
			LoadAssemblies (69ms)
			RebuildTransferFunctionScriptingTraits (0ms)
			SetupTypeCache (213ms)
			ReleaseScriptCaches (0ms)
			RebuildScriptCaches (50ms)
			SetupLoadedEditorAssemblies (259ms)
				LogAssemblyErrors (0ms)
				InitializePlatformSupportModulesInManaged (5ms)
				SetLoadedEditorAssemblies (0ms)
				RefreshPlugins (43ms)
				BeforeProcessingInitializeOnLoad (37ms)
				ProcessInitializeOnLoadAttributes (136ms)
				ProcessInitializeOnLoadMethodAttributes (37ms)
				AfterProcessingInitializeOnLoad (0ms)
				EditorAssembliesLoaded (0ms)
			ExecutionOrderSort2 (0ms)
			AwakeInstancesAfterBackupRestoration (0ms)
Platform modules already initialized, skipping
Registering precompiled user dll's ...
Registered in 0.009670 seconds.
Begin MonoManager ReloadAssembly
Native extension for OSXStandalone target not found
Native extension for WebGL target not found
Refreshing native plugins compatible for Editor in 44.98 ms, found 3 plugins.
Preloading 0 native plugins for Editor in 0.00 ms.
Mono: successfully reloaded assembly
- Completed reload, in  1.699 seconds
Domain Reload Profiling:
	ReloadAssembly (1700ms)
		BeginReloadAssembly (205ms)
			ExecutionOrderSort (0ms)
			DisableScriptedObjects (6ms)
			BackupInstance (0ms)
			ReleaseScriptingObjects (0ms)
			CreateAndSetChildDomain (38ms)
		EndReloadAssembly (1418ms)
			LoadAssemblies (212ms)
			RebuildTransferFunctionScriptingTraits (0ms)
			SetupTypeCache (398ms)
			ReleaseScriptCaches (0ms)
			RebuildScriptCaches (79ms)
			SetupLoadedEditorAssemblies (592ms)
				LogAssemblyErrors (0ms)
				InitializePlatformSupportModulesInManaged (6ms)
				SetLoadedEditorAssemblies (0ms)
				RefreshPlugins (45ms)
				BeforeProcessingInitializeOnLoad (103ms)
				ProcessInitializeOnLoadAttributes (418ms)
				ProcessInitializeOnLoadMethodAttributes (17ms)
				AfterProcessingInitializeOnLoad (2ms)
				EditorAssembliesLoaded (0ms)
			ExecutionOrderSort2 (0ms)
			AwakeInstancesAfterBackupRestoration (8ms)
Platform modules already initialized, skipping
Validating Project structure ... 0.004597 seconds.
Shader import version has changed; will reimport all shaders...
Upgrading shader files ...0.003387 seconds.
Application.AssetDatabase Initial Script Refresh Start
RefreshInfo: InitialScriptRefreshV2(NoUpdateAssetOptions) scanfilter:  ... 1 filters
RefreshProfiler: Total: 0.000ms
Application.AssetDatabase Initial Script Refresh End
Application.AssetDatabase.Refresh Start
Application.AssetDatabase.Refresh End
RefreshInfo: StopAssetImportingV2(ForceSynchronousImport) scanfilter: 
RefreshProfiler: Total: 0.000ms
Launching external process: /Applications/2020.3.17f1/Unity.app/Contents/Tools/UnityShaderCompiler
Launched and connected shader compiler UnityShaderCompiler after 0.01 seconds
Initializing Unity extensions:
========================================================================
Worker process is ready to serve import requests
Refreshing native plugins compatible for Editor in 0.50 ms, found 3 plugins.
Preloading 0 native plugins for Editor in 0.00 ms.
Unloading 2097 Unused Serialized files (Serialized files now loaded: 0)
System memory in use before: 224.8 MB.
System memory in use after: 224.6 MB.

Unloading 100 unused Assets to reduce memory usage. Loaded Objects now: 2598.
Total: 4.242085 ms (FindLiveObjects: 0.241492 ms CreateObjectMapping: 0.090947 ms MarkObjects: 3.696372 ms  DeleteObjects: 0.212041 ms)

AssetImportParameters requested are different than current active one (requested -> active):
  custom:video-decoder-ogg-theora: a1e56fd34408186e4bbccfd4996cb3dc -> 
  custom:container-muxer-webm: aa71ff27fc2769a1b78a27578f13a17b -> 
  custom:container-demuxer-webm: 4f35f7cbe854078d1ac9338744f61a02 -> 
  custom:container-demuxer-ogg: 62fdf1f143b41e24485cea50d1cbac27 -> 
  custom:video-encoder-webm-vp8: eb34c28f22e8b96e1ab97ce403110664 -> 
  custom:framework-osx-AVFoundation: e770b220cccbd017edd2c1fefb359320 -> 
  custom:video-decoder-webm-vp8: 9c59270c3fd7afecdb556c50c9e8de78 -> 
  custom:audio-decoder-ogg-vorbis: bf7c407c2cedff20999df2af8eb42d56 -> 
  custom:audio-encoder-webm-vorbis: bf7c407c2cedff20999df2af8eb42d56 -> 
========================================================================
Received Import Request.
  path: Assets/MassEvent/MoveDungeonMapEvent.asset
  artifactKey: Guid(28e4cfa864ef047c1939990b7a40c015) Importer(815301076,1909f56bfc062723c751e8b465ee728b)
Start importing Assets/MassEvent/MoveDungeonMapEvent.asset using Guid(28e4cfa864ef047c1939990b7a40c015) Importer(815301076,1909f56bfc062723c751e8b465ee728b)  -> (artifact id: '9aa1acfccd52b527c3cf46755e59a176') in 1.515867 seconds 
  Import took 1.520258 seconds .

========================================================================
Received Import Request.
  Time since last request: 110.328701 seconds.
  path: Assets/Scripts/RPGSceneManager.cs
  artifactKey: Guid(c729f442c9e5144769725f5dc40bd88f) Importer(815301076,1909f56bfc062723c751e8b465ee728b)
Start importing Assets/Scripts/RPGSceneManager.cs using Guid(c729f442c9e5144769725f5dc40bd88f) Importer(815301076,1909f56bfc062723c751e8b465ee728b)  -> (artifact id: '5431b0327a412a04608edb86db8ca841') in 0.548656 seconds 
  Import took 0.553240 seconds .

========================================================================
Received Prepare
Registering precompiled user dll's ...
Registered in 0.006937 seconds.
Begin MonoManager ReloadAssembly
Native extension for OSXStandalone target not found
Native extension for WebGL target not found
Refreshing native plugins compatible for Editor in 0.49 ms, found 3 plugins.
Preloading 0 native plugins for Editor in 0.00 ms.
Mono: successfully reloaded assembly
- Completed reload, in  1.501 seconds
Domain Reload Profiling:
	ReloadAssembly (1502ms)
		BeginReloadAssembly (175ms)
			ExecutionOrderSort (0ms)
			DisableScriptedObjects (9ms)
			BackupInstance (0ms)
			ReleaseScriptingObjects (0ms)
			CreateAndSetChildDomain (83ms)
		EndReloadAssembly (1248ms)
			LoadAssemblies (115ms)
			RebuildTransferFunctionScriptingTraits (0ms)
			SetupTypeCache (398ms)
			ReleaseScriptCaches (1ms)
			RebuildScriptCaches (70ms)
			SetupLoadedEditorAssemblies (529ms)
				LogAssemblyErrors (0ms)
				InitializePlatformSupportModulesInManaged (7ms)
				SetLoadedEditorAssemblies (1ms)
				RefreshPlugins (1ms)
				BeforeProcessingInitializeOnLoad (141ms)
				ProcessInitializeOnLoadAttributes (372ms)
				ProcessInitializeOnLoadMethodAttributes (7ms)
				AfterProcessingInitializeOnLoad (1ms)
				EditorAssembliesLoaded (0ms)
			ExecutionOrderSort2 (0ms)
			AwakeInstancesAfterBackupRestoration (13ms)
Platform modules already initialized, skipping
Refreshing native plugins compatible for Editor in 0.53 ms, found 3 plugins.
Preloading 0 native plugins for Editor in 0.00 ms.
Unloading 2086 Unused Serialized files (Serialized files now loaded: 0)
System memory in use before: 231.4 MB.
System memory in use after: 231.6 MB.

Unloading 17 unused Assets to reduce memory usage. Loaded Objects now: 2602.
Total: 3.354029 ms (FindLiveObjects: 0.268329 ms CreateObjectMapping: 0.080573 ms MarkObjects: 2.988428 ms  DeleteObjects: 0.015908 ms)

AssetImportParameters requested are different than current active one (requested -> active):
  custom:video-decoder-ogg-theora: a1e56fd34408186e4bbccfd4996cb3dc -> 
  custom:container-muxer-webm: aa71ff27fc2769a1b78a27578f13a17b -> 
  custom:container-demuxer-webm: 4f35f7cbe854078d1ac9338744f61a02 -> 
  custom:container-demuxer-ogg: 62fdf1f143b41e24485cea50d1cbac27 -> 
  custom:video-encoder-webm-vp8: eb34c28f22e8b96e1ab97ce403110664 -> 
  custom:framework-osx-AVFoundation: e770b220cccbd017edd2c1fefb359320 -> 
  custom:video-decoder-webm-vp8: 9c59270c3fd7afecdb556c50c9e8de78 -> 
  custom:audio-decoder-ogg-vorbis: bf7c407c2cedff20999df2af8eb42d56 -> 
  custom:audio-encoder-webm-vorbis: bf7c407c2cedff20999df2af8eb42d56 -> 
========================================================================
Received Prepare
Registering precompiled user dll's ...
Registered in 0.008110 seconds.
Begin MonoManager ReloadAssembly
Native extension for OSXStandalone target not found
Native extension for WebGL target not found
Refreshing native plugins compatible for Editor in 0.69 ms, found 3 plugins.
Preloading 0 native plugins for Editor in 0.00 ms.
Mono: successfully reloaded assembly
- Completed reload, in  1.555 seconds
Domain Reload Profiling:
	ReloadAssembly (1555ms)
		BeginReloadAssembly (154ms)
			ExecutionOrderSort (0ms)
			DisableScriptedObjects (8ms)
			BackupInstance (0ms)
			ReleaseScriptingObjects (0ms)
			CreateAndSetChildDomain (74ms)
		EndReloadAssembly (1326ms)
			LoadAssemblies (105ms)
			RebuildTransferFunctionScriptingTraits (0ms)
			SetupTypeCache (437ms)
			ReleaseScriptCaches (1ms)
			RebuildScriptCaches (77ms)
			SetupLoadedEditorAssemblies (547ms)
				LogAssemblyErrors (0ms)
				InitializePlatformSupportModulesInManaged (7ms)
				SetLoadedEditorAssemblies (1ms)
				RefreshPlugins (1ms)
				BeforeProcessingInitializeOnLoad (160ms)
				ProcessInitializeOnLoadAttributes (370ms)
				ProcessInitializeOnLoadMethodAttributes (7ms)
				AfterProcessingInitializeOnLoad (2ms)
				EditorAssembliesLoaded (0ms)
			ExecutionOrderSort2 (0ms)
			AwakeInstancesAfterBackupRestoration (14ms)
Platform modules already initialized, skipping
Refreshing native plugins compatible for Editor in 0.60 ms, found 3 plugins.
Preloading 0 native plugins for Editor in 0.00 ms.
Unloading 2086 Unused Serialized files (Serialized files now loaded: 0)
System memory in use before: 231.7 MB.
System memory in use after: 231.8 MB.

Unloading 16 unused Assets to reduce memory usage. Loaded Objects now: 2605.
Total: 5.357415 ms (FindLiveObjects: 0.282364 ms CreateObjectMapping: 0.114981 ms MarkObjects: 4.919096 ms  DeleteObjects: 0.038839 ms)

AssetImportParameters requested are different than current active one (requested -> active):
  custom:video-decoder-ogg-theora: a1e56fd34408186e4bbccfd4996cb3dc -> 
  custom:container-muxer-webm: aa71ff27fc2769a1b78a27578f13a17b -> 
  custom:container-demuxer-webm: 4f35f7cbe854078d1ac9338744f61a02 -> 
  custom:container-demuxer-ogg: 62fdf1f143b41e24485cea50d1cbac27 -> 
  custom:video-encoder-webm-vp8: eb34c28f22e8b96e1ab97ce403110664 -> 
  custom:framework-osx-AVFoundation: e770b220cccbd017edd2c1fefb359320 -> 
  custom:video-decoder-webm-vp8: 9c59270c3fd7afecdb556c50c9e8de78 -> 
  custom:audio-decoder-ogg-vorbis: bf7c407c2cedff20999df2af8eb42d56 -> 
  custom:audio-encoder-webm-vorbis: bf7c407c2cedff20999df2af8eb42d56 -> 
========================================================================
Received Prepare
Registering precompiled user dll's ...
Registered in 0.057124 seconds.
Begin MonoManager ReloadAssembly
Native extension for OSXStandalone target not found
Native extension for WebGL target not found
Refreshing native plugins compatible for Editor in 0.58 ms, found 3 plugins.
Preloading 0 native plugins for Editor in 0.00 ms.
Mono: successfully reloaded assembly
- Completed reload, in  2.005 seconds
Domain Reload Profiling:
	ReloadAssembly (2007ms)
		BeginReloadAssembly (169ms)
			ExecutionOrderSort (0ms)
			DisableScriptedObjects (8ms)
			BackupInstance (0ms)
			ReleaseScriptingObjects (0ms)
			CreateAndSetChildDomain (77ms)
		EndReloadAssembly (1762ms)
			LoadAssemblies (572ms)
			RebuildTransferFunctionScriptingTraits (0ms)
			SetupTypeCache (423ms)
			ReleaseScriptCaches (1ms)
			RebuildScriptCaches (75ms)
			SetupLoadedEditorAssemblies (545ms)
				LogAssemblyErrors (0ms)
				InitializePlatformSupportModulesInManaged (10ms)
				SetLoadedEditorAssemblies (1ms)
				RefreshPlugins (1ms)
				BeforeProcessingInitializeOnLoad (142ms)
				ProcessInitializeOnLoadAttributes (381ms)
				ProcessInitializeOnLoadMethodAttributes (8ms)
				AfterProcessingInitializeOnLoad (2ms)
				EditorAssembliesLoaded (0ms)
			ExecutionOrderSort2 (0ms)
			AwakeInstancesAfterBackupRestoration (17ms)
Platform modules already initialized, skipping
Refreshing native plugins compatible for Editor in 0.87 ms, found 3 plugins.
Preloading 0 native plugins for Editor in 0.00 ms.
Unloading 2086 Unused Serialized files (Serialized files now loaded: 0)
System memory in use before: 231.8 MB.
System memory in use after: 231.9 MB.

Unloading 16 unused Assets to reduce memory usage. Loaded Objects now: 2608.
Total: 5.461878 ms (FindLiveObjects: 0.395797 ms CreateObjectMapping: 0.141319 ms MarkObjects: 4.893584 ms  DeleteObjects: 0.029407 ms)

AssetImportParameters requested are different than current active one (requested -> active):
  custom:video-decoder-ogg-theora: a1e56fd34408186e4bbccfd4996cb3dc -> 
  custom:container-muxer-webm: aa71ff27fc2769a1b78a27578f13a17b -> 
  custom:container-demuxer-webm: 4f35f7cbe854078d1ac9338744f61a02 -> 
  custom:container-demuxer-ogg: 62fdf1f143b41e24485cea50d1cbac27 -> 
  custom:video-encoder-webm-vp8: eb34c28f22e8b96e1ab97ce403110664 -> 
  custom:framework-osx-AVFoundation: e770b220cccbd017edd2c1fefb359320 -> 
  custom:video-decoder-webm-vp8: 9c59270c3fd7afecdb556c50c9e8de78 -> 
  custom:audio-decoder-ogg-vorbis: bf7c407c2cedff20999df2af8eb42d56 -> 
  custom:audio-encoder-webm-vorbis: bf7c407c2cedff20999df2af8eb42d56 -> 
========================================================================
Received Import Request.
  Time since last request: 135.084359 seconds.
  path: Assets/Scripts/MassEvent.cs
  artifactKey: Guid(7a399b8e94e7c4b7fbda3bf7be2a29da) Importer(815301076,1909f56bfc062723c751e8b465ee728b)
Start importing Assets/Scripts/MassEvent.cs using Guid(7a399b8e94e7c4b7fbda3bf7be2a29da) Importer(815301076,1909f56bfc062723c751e8b465ee728b)  -> (artifact id: 'a78acd4f90904bdf8f0c85f0ea54f6a6') in 0.029538 seconds 
  Import took 0.034238 seconds .

========================================================================
Received Prepare
Registering precompiled user dll's ...
Registered in 0.006148 seconds.
Begin MonoManager ReloadAssembly
Native extension for OSXStandalone target not found
Native extension for WebGL target not found
Refreshing native plugins compatible for Editor in 0.54 ms, found 3 plugins.
Preloading 0 native plugins for Editor in 0.00 ms.
Mono: successfully reloaded assembly
- Completed reload, in  1.660 seconds
Domain Reload Profiling:
	ReloadAssembly (1661ms)
		BeginReloadAssembly (187ms)
			ExecutionOrderSort (0ms)
			DisableScriptedObjects (8ms)
			BackupInstance (0ms)
			ReleaseScriptingObjects (0ms)
			CreateAndSetChildDomain (91ms)
		EndReloadAssembly (1382ms)
			LoadAssemblies (115ms)
			RebuildTransferFunctionScriptingTraits (0ms)
			SetupTypeCache (423ms)
			ReleaseScriptCaches (1ms)
			RebuildScriptCaches (76ms)
			SetupLoadedEditorAssemblies (605ms)
				LogAssemblyErrors (0ms)
				InitializePlatformSupportModulesInManaged (8ms)
				SetLoadedEditorAssemblies (1ms)
				RefreshPlugins (1ms)
				BeforeProcessingInitializeOnLoad (164ms)
				ProcessInitializeOnLoadAttributes (422ms)
				ProcessInitializeOnLoadMethodAttributes (8ms)
				AfterProcessingInitializeOnLoad (2ms)
				EditorAssembliesLoaded (0ms)
			ExecutionOrderSort2 (0ms)
			AwakeInstancesAfterBackupRestoration (15ms)
Platform modules already initialized, skipping
Refreshing native plugins compatible for Editor in 0.71 ms, found 3 plugins.
Preloading 0 native plugins for Editor in 0.00 ms.
Unloading 2086 Unused Serialized files (Serialized files now loaded: 0)
System memory in use before: 232.1 MB.
System memory in use after: 232.2 MB.

Unloading 16 unused Assets to reduce memory usage. Loaded Objects now: 2611.
Total: 3.722691 ms (FindLiveObjects: 0.267349 ms CreateObjectMapping: 0.097097 ms MarkObjects: 3.331326 ms  DeleteObjects: 0.025440 ms)

AssetImportParameters requested are different than current active one (requested -> active):
  custom:video-decoder-ogg-theora: a1e56fd34408186e4bbccfd4996cb3dc -> 
  custom:container-muxer-webm: aa71ff27fc2769a1b78a27578f13a17b -> 
  custom:container-demuxer-webm: 4f35f7cbe854078d1ac9338744f61a02 -> 
  custom:container-demuxer-ogg: 62fdf1f143b41e24485cea50d1cbac27 -> 
  custom:video-encoder-webm-vp8: eb34c28f22e8b96e1ab97ce403110664 -> 
  custom:framework-osx-AVFoundation: e770b220cccbd017edd2c1fefb359320 -> 
  custom:video-decoder-webm-vp8: 9c59270c3fd7afecdb556c50c9e8de78 -> 
  custom:audio-decoder-ogg-vorbis: bf7c407c2cedff20999df2af8eb42d56 -> 
  custom:audio-encoder-webm-vorbis: bf7c407c2cedff20999df2af8eb42d56 -> 
========================================================================
Received Import Request.
  Time since last request: 28.270681 seconds.
  path: Assets/Scripts/Map.cs
  artifactKey: Guid(e9970fc1625a545f692eb492eb3bfb50) Importer(815301076,1909f56bfc062723c751e8b465ee728b)
Start importing Assets/Scripts/Map.cs using Guid(e9970fc1625a545f692eb492eb3bfb50) Importer(815301076,1909f56bfc062723c751e8b465ee728b)  -> (artifact id: '38c3391f7cc7bdf86267c1963e8cebb3') in 0.009991 seconds 
  Import took 0.014978 seconds .

========================================================================
Received Import Request.
  Time since last request: 0.035778 seconds.
  path: Assets/Scripts/Map.cs
  artifactKey: Guid(e9970fc1625a545f692eb492eb3bfb50) Importer(815301076,1909f56bfc062723c751e8b465ee728b)
Start importing Assets/Scripts/Map.cs using Guid(e9970fc1625a545f692eb492eb3bfb50) Importer(815301076,1909f56bfc062723c751e8b465ee728b)  -> (artifact id: '38c3391f7cc7bdf86267c1963e8cebb3') in 0.004373 seconds 
  Import took 0.008381 seconds .

========================================================================
Received Prepare
Registering precompiled user dll's ...
Registered in 0.010999 seconds.
Begin MonoManager ReloadAssembly
Native extension for OSXStandalone target not found
Native extension for WebGL target not found
Refreshing native plugins compatible for Editor in 0.59 ms, found 3 plugins.
Preloading 0 native plugins for Editor in 0.00 ms.
Mono: successfully reloaded assembly
- Completed reload, in  1.656 seconds
Domain Reload Profiling:
	ReloadAssembly (1657ms)
		BeginReloadAssembly (169ms)
			ExecutionOrderSort (0ms)
			DisableScriptedObjects (8ms)
			BackupInstance (0ms)
			ReleaseScriptingObjects (0ms)
			CreateAndSetChildDomain (82ms)
		EndReloadAssembly (1410ms)
			LoadAssemblies (213ms)
			RebuildTransferFunctionScriptingTraits (0ms)
			SetupTypeCache (421ms)
			ReleaseScriptCaches (1ms)
			RebuildScriptCaches (73ms)
			SetupLoadedEditorAssemblies (552ms)
				LogAssemblyErrors (0ms)
				InitializePlatformSupportModulesInManaged (8ms)
				SetLoadedEditorAssemblies (1ms)
				RefreshPlugins (1ms)
				BeforeProcessingInitializeOnLoad (148ms)
				ProcessInitializeOnLoadAttributes (386ms)
				ProcessInitializeOnLoadMethodAttributes (7ms)
				AfterProcessingInitializeOnLoad (2ms)
				EditorAssembliesLoaded (0ms)
			ExecutionOrderSort2 (0ms)
			AwakeInstancesAfterBackupRestoration (17ms)
Platform modules already initialized, skipping
Refreshing native plugins compatible for Editor in 0.72 ms, found 3 plugins.
Preloading 0 native plugins for Editor in 0.00 ms.
Unloading 2086 Unused Serialized files (Serialized files now loaded: 0)
System memory in use before: 232.3 MB.
System memory in use after: 232.4 MB.

Unloading 16 unused Assets to reduce memory usage. Loaded Objects now: 2614.
Total: 5.006098 ms (FindLiveObjects: 0.242358 ms CreateObjectMapping: 0.091798 ms MarkObjects: 4.648647 ms  DeleteObjects: 0.021903 ms)

AssetImportParameters requested are different than current active one (requested -> active):
  custom:video-decoder-ogg-theora: a1e56fd34408186e4bbccfd4996cb3dc -> 
  custom:container-muxer-webm: aa71ff27fc2769a1b78a27578f13a17b -> 
  custom:container-demuxer-webm: 4f35f7cbe854078d1ac9338744f61a02 -> 
  custom:container-demuxer-ogg: 62fdf1f143b41e24485cea50d1cbac27 -> 
  custom:video-encoder-webm-vp8: eb34c28f22e8b96e1ab97ce403110664 -> 
  custom:framework-osx-AVFoundation: e770b220cccbd017edd2c1fefb359320 -> 
  custom:video-decoder-webm-vp8: 9c59270c3fd7afecdb556c50c9e8de78 -> 
  custom:audio-decoder-ogg-vorbis: bf7c407c2cedff20999df2af8eb42d56 -> 
  custom:audio-encoder-webm-vorbis: bf7c407c2cedff20999df2af8eb42d56 -> 
========================================================================
Received Prepare
Registering precompiled user dll's ...
Registered in 0.012335 seconds.
Begin MonoManager ReloadAssembly
Native extension for OSXStandalone target not found
Native extension for WebGL target not found
Refreshing native plugins compatible for Editor in 0.59 ms, found 3 plugins.
Preloading 0 native plugins for Editor in 0.00 ms.
Mono: successfully reloaded assembly
- Completed reload, in  1.741 seconds
Domain Reload Profiling:
	ReloadAssembly (1742ms)
		BeginReloadAssembly (178ms)
			ExecutionOrderSort (0ms)
			DisableScriptedObjects (8ms)
			BackupInstance (0ms)
			ReleaseScriptingObjects (0ms)
			CreateAndSetChildDomain (81ms)
		EndReloadAssembly (1489ms)
			LoadAssemblies (215ms)
			RebuildTransferFunctionScriptingTraits (0ms)
			SetupTypeCache (405ms)
			ReleaseScriptCaches (1ms)
			RebuildScriptCaches (72ms)
			SetupLoadedEditorAssemblies (631ms)
				LogAssemblyErrors (0ms)
				InitializePlatformSupportModulesInManaged (9ms)
				SetLoadedEditorAssemblies (1ms)
				RefreshPlugins (1ms)
				BeforeProcessingInitializeOnLoad (174ms)
				ProcessInitializeOnLoadAttributes (436ms)
				ProcessInitializeOnLoadMethodAttributes (9ms)
				AfterProcessingInitializeOnLoad (2ms)
				EditorAssembliesLoaded (0ms)
			ExecutionOrderSort2 (0ms)
			AwakeInstancesAfterBackupRestoration (14ms)
Platform modules already initialized, skipping
Refreshing native plugins compatible for Editor in 0.51 ms, found 3 plugins.
Preloading 0 native plugins for Editor in 0.00 ms.
Unloading 2086 Unused Serialized files (Serialized files now loaded: 0)
System memory in use before: 232.5 MB.
System memory in use after: 232.7 MB.

Unloading 16 unused Assets to reduce memory usage. Loaded Objects now: 2617.
Total: 3.740120 ms (FindLiveObjects: 0.261419 ms CreateObjectMapping: 0.078979 ms MarkObjects: 3.379096 ms  DeleteObjects: 0.019759 ms)

AssetImportParameters requested are different than current active one (requested -> active):
  custom:video-decoder-ogg-theora: a1e56fd34408186e4bbccfd4996cb3dc -> 
  custom:container-muxer-webm: aa71ff27fc2769a1b78a27578f13a17b -> 
  custom:container-demuxer-webm: 4f35f7cbe854078d1ac9338744f61a02 -> 
  custom:container-demuxer-ogg: 62fdf1f143b41e24485cea50d1cbac27 -> 
  custom:video-encoder-webm-vp8: eb34c28f22e8b96e1ab97ce403110664 -> 
  custom:framework-osx-AVFoundation: e770b220cccbd017edd2c1fefb359320 -> 
  custom:video-decoder-webm-vp8: 9c59270c3fd7afecdb556c50c9e8de78 -> 
  custom:audio-decoder-ogg-vorbis: bf7c407c2cedff20999df2af8eb42d56 -> 
  custom:audio-encoder-webm-vorbis: bf7c407c2cedff20999df2af8eb42d56 -> 
========================================================================
Received Import Request.
  Time since last request: 625.131631 seconds.
  path: Assets/Prefabs/FieldMap.prefab
  artifactKey: Guid(10d6215b2d0434683b7ebfe7662f9b46) Importer(815301076,1909f56bfc062723c751e8b465ee728b)
Start importing Assets/Prefabs/FieldMap.prefab using Guid(10d6215b2d0434683b7ebfe7662f9b46) Importer(815301076,1909f56bfc062723c751e8b465ee728b)  -> (artifact id: '5c8ae9f3d5f5737d2cd6ff19fd36a2b3') in 0.832859 seconds 
  Import took 0.837601 seconds .

========================================================================
Received Import Request.
  Time since last request: 842.898387 seconds.
  path: Assets/MassEvent/MoveFieldMapChip.asset
  artifactKey: Guid(a11d2d4b8f38243ca9851586a9ec2b9e) Importer(815301076,1909f56bfc062723c751e8b465ee728b)
Start importing Assets/MassEvent/MoveFieldMapChip.asset using Guid(a11d2d4b8f38243ca9851586a9ec2b9e) Importer(815301076,1909f56bfc062723c751e8b465ee728b)  -> (artifact id: 'c32c06715b5b83d7a1d60f981df08671') in 0.023407 seconds 
  Import took 0.046299 seconds .

========================================================================
Received Import Request.
  Time since last request: 68.931105 seconds.
  path: Assets/Tilemaps/Dungeon/MoveDungeonMapChip 1.asset
  artifactKey: Guid(a1c299d37d7a34750b6f3e7a18c5d497) Importer(815301076,1909f56bfc062723c751e8b465ee728b)
Start importing Assets/Tilemaps/Dungeon/MoveDungeonMapChip 1.asset using Guid(a1c299d37d7a34750b6f3e7a18c5d497) Importer(815301076,1909f56bfc062723c751e8b465ee728b)  -> (artifact id: '84c51259781eab0b2c42807d7762a002') in 0.060469 seconds 
  Import took 0.065028 seconds .

========================================================================
Received Import Request.
  Time since last request: 16.336985 seconds.
  path: Assets/Tilemaps/Dungeon/MoveFieldMapChip.asset
  artifactKey: Guid(a1c299d37d7a34750b6f3e7a18c5d497) Importer(815301076,1909f56bfc062723c751e8b465ee728b)
Start importing Assets/Tilemaps/Dungeon/MoveFieldMapChip.asset using Guid(a1c299d37d7a34750b6f3e7a18c5d497) Importer(815301076,1909f56bfc062723c751e8b465ee728b)  -> (artifact id: '4cdf58b8d115762c299759aa69404ff7') in 0.021453 seconds 
  Import took 0.026120 seconds .

========================================================================
Received Import Request.
  Time since last request: 0.009610 seconds.
  path: Assets/Tilemaps/Dungeon/MoveFieldMapChip.asset
  artifactKey: Guid(a1c299d37d7a34750b6f3e7a18c5d497) Importer(815301076,1909f56bfc062723c751e8b465ee728b)
Start importing Assets/Tilemaps/Dungeon/MoveFieldMapChip.asset using Guid(a1c299d37d7a34750b6f3e7a18c5d497) Importer(815301076,1909f56bfc062723c751e8b465ee728b)  -> (artifact id: '4cdf58b8d115762c299759aa69404ff7') in 0.013460 seconds 
  Import took 0.017692 seconds .

========================================================================
Received Import Request.
  Time since last request: 39.734390 seconds.
  path: Assets/Tilemaps/Dungeon/DungeonPalette.prefab
  artifactKey: Guid(f28c5682de6d64e9cb36875afd6b6527) Importer(815301076,1909f56bfc062723c751e8b465ee728b)
Start importing Assets/Tilemaps/Dungeon/DungeonPalette.prefab using Guid(f28c5682de6d64e9cb36875afd6b6527) Importer(815301076,1909f56bfc062723c751e8b465ee728b)  -> (artifact id: '2050855a0d9b257694f5f2b6514e04ff') in 0.624997 seconds 
  Import took 0.631732 seconds .

========================================================================
Received Import Request.
  Time since last request: 0.004303 seconds.
  path: Assets/Tilemaps/Dungeon/DungeonPalette.prefab
  artifactKey: Guid(f28c5682de6d64e9cb36875afd6b6527) Importer(815301076,1909f56bfc062723c751e8b465ee728b)
Start importing Assets/Tilemaps/Dungeon/DungeonPalette.prefab using Guid(f28c5682de6d64e9cb36875afd6b6527) Importer(815301076,1909f56bfc062723c751e8b465ee728b)  -> (artifact id: '2050855a0d9b257694f5f2b6514e04ff') in 0.055040 seconds 
  Import took 0.064224 seconds .

========================================================================
Received Import Request.
  Time since last request: 74.456392 seconds.
  path: Assets/Tilemaps/Dungeon/MoveFieldMapChip.asset
  artifactKey: Guid(4d9325e5624704ceb89df97b287894cc) Importer(815301076,1909f56bfc062723c751e8b465ee728b)
Start importing Assets/Tilemaps/Dungeon/MoveFieldMapChip.asset using Guid(4d9325e5624704ceb89df97b287894cc) Importer(815301076,1909f56bfc062723c751e8b465ee728b)  -> (artifact id: '98a5223fd65c241548e38e6b9195723b') in 0.021606 seconds 
  Import took 0.026373 seconds .

========================================================================
Received Import Request.
  Time since last request: 0.012184 seconds.
  path: Assets/Tilemaps/Dungeon/MoveFieldMapChip.asset
  artifactKey: Guid(4d9325e5624704ceb89df97b287894cc) Importer(815301076,1909f56bfc062723c751e8b465ee728b)
Start importing Assets/Tilemaps/Dungeon/MoveFieldMapChip.asset using Guid(4d9325e5624704ceb89df97b287894cc) Importer(815301076,1909f56bfc062723c751e8b465ee728b)  -> (artifact id: '98a5223fd65c241548e38e6b9195723b') in 0.014479 seconds 
  Import took 0.019519 seconds .

========================================================================
Received Import Request.
  Time since last request: 18.145475 seconds.
  path: Assets/Tilemaps/Dungeon/MoveFieldMapChip.asset
  artifactKey: Guid(4d9325e5624704ceb89df97b287894cc) Importer(815301076,1909f56bfc062723c751e8b465ee728b)
Start importing Assets/Tilemaps/Dungeon/MoveFieldMapChip.asset using Guid(4d9325e5624704ceb89df97b287894cc) Importer(815301076,1909f56bfc062723c751e8b465ee728b)  -> (artifact id: '109e8594bee947f537cd5877728970ac') in 0.025992 seconds 
  Import took 0.031724 seconds .

========================================================================
Received Import Request.
  Time since last request: 0.006746 seconds.
  path: Assets/Tilemaps/Dungeon/MoveFieldMapChip.asset
  artifactKey: Guid(4d9325e5624704ceb89df97b287894cc) Importer(815301076,1909f56bfc062723c751e8b465ee728b)
Start importing Assets/Tilemaps/Dungeon/MoveFieldMapChip.asset using Guid(4d9325e5624704ceb89df97b287894cc) Importer(815301076,1909f56bfc062723c751e8b465ee728b)  -> (artifact id: '109e8594bee947f537cd5877728970ac') in 0.016782 seconds 
  Import took 0.020968 seconds .

========================================================================
Received Import Request.
  Time since last request: 2.981832 seconds.
  path: Assets/Tilemaps/Dungeon/DungeonPalette.prefab
  artifactKey: Guid(f28c5682de6d64e9cb36875afd6b6527) Importer(815301076,1909f56bfc062723c751e8b465ee728b)
Start importing Assets/Tilemaps/Dungeon/DungeonPalette.prefab using Guid(f28c5682de6d64e9cb36875afd6b6527) Importer(815301076,1909f56bfc062723c751e8b465ee728b)  -> (artifact id: 'ee40230d76adc2d9e3a29ccac90870fd') in 0.091693 seconds 
  Import took 0.099109 seconds .

========================================================================
Received Import Request.
  Time since last request: 162.977751 seconds.
  path: Assets/MassEvent/Mo.asset
  artifactKey: Guid(7608cf087ea784414bc7ca81ef3e8510) Importer(815301076,1909f56bfc062723c751e8b465ee728b)
Start importing Assets/MassEvent/Mo.asset using Guid(7608cf087ea784414bc7ca81ef3e8510) Importer(815301076,1909f56bfc062723c751e8b465ee728b)  -> (artifact id: 'ec8336909597ae3a2c40569d247e03a9') in 0.018275 seconds 
  Import took 0.025781 seconds .

========================================================================
Received Import Request.
  Time since last request: 18.985006 seconds.
  path: Assets/MassEvent/MoveFieldMapEvent.asset
  artifactKey: Guid(7608cf087ea784414bc7ca81ef3e8510) Importer(815301076,1909f56bfc062723c751e8b465ee728b)
Start importing Assets/MassEvent/MoveFieldMapEvent.asset using Guid(7608cf087ea784414bc7ca81ef3e8510) Importer(815301076,1909f56bfc062723c751e8b465ee728b)  -> (artifact id: 'cdf3be4a3eb2c1182be877b6dbc30e1e') in 0.008874 seconds 
  Import took 0.015965 seconds .

========================================================================
Received Import Request.
  Time since last request: 0.001614 seconds.
  path: Assets/MassEvent/MoveFieldMapEvent.asset
  artifactKey: Guid(7608cf087ea784414bc7ca81ef3e8510) Importer(815301076,1909f56bfc062723c751e8b465ee728b)
Start importing Assets/MassEvent/MoveFieldMapEvent.asset using Guid(7608cf087ea784414bc7ca81ef3e8510) Importer(815301076,1909f56bfc062723c751e8b465ee728b)  -> (artifact id: 'cdf3be4a3eb2c1182be877b6dbc30e1e') in 0.012291 seconds 
  Import took 0.019136 seconds .

========================================================================
Received Import Request.
  Time since last request: 56.467388 seconds.
  path: Assets/MassEvent/MoveFieldMapEvent.asset
  artifactKey: Guid(7608cf087ea784414bc7ca81ef3e8510) Importer(815301076,1909f56bfc062723c751e8b465ee728b)
Start importing Assets/MassEvent/MoveFieldMapEvent.asset using Guid(7608cf087ea784414bc7ca81ef3e8510) Importer(815301076,1909f56bfc062723c751e8b465ee728b)  -> (artifact id: '715616d11009e37c7d4c2527a254bb03') in 0.018735 seconds 
  Import took 0.026134 seconds .

========================================================================
Received Import Request.
  Time since last request: 0.049497 seconds.
  path: Assets/MassEvent/MoveFieldMapEvent.asset
  artifactKey: Guid(7608cf087ea784414bc7ca81ef3e8510) Importer(815301076,1909f56bfc062723c751e8b465ee728b)
Start importing Assets/MassEvent/MoveFieldMapEvent.asset using Guid(7608cf087ea784414bc7ca81ef3e8510) Importer(815301076,1909f56bfc062723c751e8b465ee728b)  -> (artifact id: '715616d11009e37c7d4c2527a254bb03') in 0.009995 seconds 
  Import took 0.014716 seconds .

========================================================================
Received Import Request.
  Time since last request: 13.061271 seconds.
  path: Assets/MassEvent/MoveFieldMapEvent.asset
  artifactKey: Guid(7608cf087ea784414bc7ca81ef3e8510) Importer(815301076,1909f56bfc062723c751e8b465ee728b)
Start importing Assets/MassEvent/MoveFieldMapEvent.asset using Guid(7608cf087ea784414bc7ca81ef3e8510) Importer(815301076,1909f56bfc062723c751e8b465ee728b)  -> (artifact id: '6f2254f3a2f3266ab96f3b8e33c74f96') in 0.013621 seconds 
  Import took 0.021019 seconds .

========================================================================
Received Import Request.
  Time since last request: 0.049354 seconds.
  path: Assets/MassEvent/MoveFieldMapEvent.asset
  artifactKey: Guid(7608cf087ea784414bc7ca81ef3e8510) Importer(815301076,1909f56bfc062723c751e8b465ee728b)
Start importing Assets/MassEvent/MoveFieldMapEvent.asset using Guid(7608cf087ea784414bc7ca81ef3e8510) Importer(815301076,1909f56bfc062723c751e8b465ee728b)  -> (artifact id: '6f2254f3a2f3266ab96f3b8e33c74f96') in 0.009273 seconds 
  Import took 0.013345 seconds .

========================================================================
Received Import Request.
  Time since last request: 11.084076 seconds.
  path: Assets/Prefabs/DungeonMap.prefab
  artifactKey: Guid(54075e33b8852434ca72e0047ebe3f86) Importer(815301076,1909f56bfc062723c751e8b465ee728b)
Start importing Assets/Prefabs/DungeonMap.prefab using Guid(54075e33b8852434ca72e0047ebe3f86) Importer(815301076,1909f56bfc062723c751e8b465ee728b)  -> (artifact id: 'a648413f5d7f6eaf14785a4912666460') in 0.043769 seconds 
  Import took 0.049229 seconds .

========================================================================
Received Import Request.
  Time since last request: 0.000325 seconds.
  path: Assets/Prefabs/FieldMap.prefab
  artifactKey: Guid(10d6215b2d0434683b7ebfe7662f9b46) Importer(815301076,1909f56bfc062723c751e8b465ee728b)
Start importing Assets/Prefabs/FieldMap.prefab using Guid(10d6215b2d0434683b7ebfe7662f9b46) Importer(815301076,1909f56bfc062723c751e8b465ee728b)  -> (artifact id: '3be1c56688f95fcf4bb628719263d84c') in 0.053813 seconds 
  Import took 0.058780 seconds .

========================================================================
Received Import Request.
  Time since last request: 0.000317 seconds.
  path: Assets/Prefabs/DungeonMap.prefab
  artifactKey: Guid(54075e33b8852434ca72e0047ebe3f86) Importer(815301076,1909f56bfc062723c751e8b465ee728b)
Start importing Assets/Prefabs/DungeonMap.prefab using Guid(54075e33b8852434ca72e0047ebe3f86) Importer(815301076,1909f56bfc062723c751e8b465ee728b)  -> (artifact id: 'a648413f5d7f6eaf14785a4912666460') in 0.033248 seconds 
  Import took 0.038043 seconds .

========================================================================
Received Import Request.
  Time since last request: 5.277930 seconds.
  path: Assets/Prefabs/DungeonMap.prefab
  artifactKey: Guid(54075e33b8852434ca72e0047ebe3f86) Importer(815301076,1909f56bfc062723c751e8b465ee728b)
Start importing Assets/Prefabs/DungeonMap.prefab using Guid(54075e33b8852434ca72e0047ebe3f86) Importer(815301076,1909f56bfc062723c751e8b465ee728b)  -> (artifact id: '8c9e534b0c8d60300b103cd704668d24') in 0.041259 seconds 
  Import took 0.046272 seconds .

========================================================================
Received Import Request.
  Time since last request: 3.590926 seconds.
  path: Assets/Prefabs/DungeonMap.prefab
  artifactKey: Guid(54075e33b8852434ca72e0047ebe3f86) Importer(815301076,1909f56bfc062723c751e8b465ee728b)
Start importing Assets/Prefabs/DungeonMap.prefab using Guid(54075e33b8852434ca72e0047ebe3f86) Importer(815301076,1909f56bfc062723c751e8b465ee728b)  -> (artifact id: 'a7dc2f31726ca9bbbb18c498288b9e6c') in 0.030818 seconds 
  Import took 0.035947 seconds .

========================================================================
Received Import Request.
  Time since last request: 10.609171 seconds.
  path: Assets/Prefabs/FieldMap.prefab
  artifactKey: Guid(10d6215b2d0434683b7ebfe7662f9b46) Importer(815301076,1909f56bfc062723c751e8b465ee728b)
Start importing Assets/Prefabs/FieldMap.prefab using Guid(10d6215b2d0434683b7ebfe7662f9b46) Importer(815301076,1909f56bfc062723c751e8b465ee728b)  -> (artifact id: 'b44e23860327cb42152046721fcad1a8') in 0.036247 seconds 
  Import took 0.041631 seconds .

========================================================================
Received Import Request.
  Time since last request: 2.041938 seconds.
  path: Assets/Prefabs/FieldMap.prefab
  artifactKey: Guid(10d6215b2d0434683b7ebfe7662f9b46) Importer(815301076,1909f56bfc062723c751e8b465ee728b)
Start importing Assets/Prefabs/FieldMap.prefab using Guid(10d6215b2d0434683b7ebfe7662f9b46) Importer(815301076,1909f56bfc062723c751e8b465ee728b)  -> (artifact id: 'abd2c420ebfbe03998b5ea57bbc625e9') in 0.030326 seconds 
  Import took 0.036274 seconds .

========================================================================
Received Prepare
Registering precompiled user dll's ...
Registered in 0.010280 seconds.
Begin MonoManager ReloadAssembly
Native extension for OSXStandalone target not found
Native extension for WebGL target not found
Refreshing native plugins compatible for Editor in 0.52 ms, found 3 plugins.
Preloading 0 native plugins for Editor in 0.00 ms.
Mono: successfully reloaded assembly
- Completed reload, in  1.825 seconds
Domain Reload Profiling:
	ReloadAssembly (1826ms)
		BeginReloadAssembly (249ms)
			ExecutionOrderSort (0ms)
			DisableScriptedObjects (12ms)
			BackupInstance (0ms)
			ReleaseScriptingObjects (0ms)
			CreateAndSetChildDomain (135ms)
		EndReloadAssembly (1497ms)
			LoadAssemblies (275ms)
			RebuildTransferFunctionScriptingTraits (0ms)
			SetupTypeCache (429ms)
			ReleaseScriptCaches (1ms)
			RebuildScriptCaches (75ms)
			SetupLoadedEditorAssemblies (569ms)
				LogAssemblyErrors (0ms)
				InitializePlatformSupportModulesInManaged (8ms)
				SetLoadedEditorAssemblies (1ms)
				RefreshPlugins (1ms)
				BeforeProcessingInitializeOnLoad (169ms)
				ProcessInitializeOnLoadAttributes (381ms)
				ProcessInitializeOnLoadMethodAttributes (8ms)
				AfterProcessingInitializeOnLoad (2ms)
				EditorAssembliesLoaded (0ms)
			ExecutionOrderSort2 (0ms)
			AwakeInstancesAfterBackupRestoration (17ms)
Platform modules already initialized, skipping
Refreshing native plugins compatible for Editor in 0.51 ms, found 3 plugins.
Preloading 0 native plugins for Editor in 0.00 ms.
Unloading 2086 Unused Serialized files (Serialized files now loaded: 0)
System memory in use before: 237.3 MB.
System memory in use after: 237.4 MB.

Unloading 16 unused Assets to reduce memory usage. Loaded Objects now: 2629.
Total: 3.462396 ms (FindLiveObjects: 0.318502 ms CreateObjectMapping: 0.098385 ms MarkObjects: 3.013380 ms  DeleteObjects: 0.031013 ms)

AssetImportParameters requested are different than current active one (requested -> active):
  custom:video-decoder-ogg-theora: a1e56fd34408186e4bbccfd4996cb3dc -> 
  custom:container-muxer-webm: aa71ff27fc2769a1b78a27578f13a17b -> 
  custom:container-demuxer-webm: 4f35f7cbe854078d1ac9338744f61a02 -> 
  custom:container-demuxer-ogg: 62fdf1f143b41e24485cea50d1cbac27 -> 
  custom:video-encoder-webm-vp8: eb34c28f22e8b96e1ab97ce403110664 -> 
  custom:framework-osx-AVFoundation: e770b220cccbd017edd2c1fefb359320 -> 
  custom:video-decoder-webm-vp8: 9c59270c3fd7afecdb556c50c9e8de78 -> 
  custom:audio-decoder-ogg-vorbis: bf7c407c2cedff20999df2af8eb42d56 -> 
  custom:audio-encoder-webm-vorbis: bf7c407c2cedff20999df2af8eb42d56 -> 
========================================================================
Received Prepare
Registering precompiled user dll's ...
Registered in 0.010929 seconds.
Begin MonoManager ReloadAssembly
Native extension for OSXStandalone target not found
Native extension for WebGL target not found
Refreshing native plugins compatible for Editor in 0.48 ms, found 3 plugins.
Preloading 0 native plugins for Editor in 0.00 ms.
Mono: successfully reloaded assembly
- Completed reload, in  1.648 seconds
Domain Reload Profiling:
	ReloadAssembly (1649ms)
		BeginReloadAssembly (173ms)
			ExecutionOrderSort (0ms)
			DisableScriptedObjects (9ms)
			BackupInstance (0ms)
			ReleaseScriptingObjects (0ms)
			CreateAndSetChildDomain (82ms)
		EndReloadAssembly (1397ms)
			LoadAssemblies (230ms)
			RebuildTransferFunctionScriptingTraits (0ms)
			SetupTypeCache (411ms)
			ReleaseScriptCaches (1ms)
			RebuildScriptCaches (77ms)
			SetupLoadedEditorAssemblies (524ms)
				LogAssemblyErrors (0ms)
				InitializePlatformSupportModulesInManaged (8ms)
				SetLoadedEditorAssemblies (1ms)
				RefreshPlugins (1ms)
				BeforeProcessingInitializeOnLoad (148ms)
				ProcessInitializeOnLoadAttributes (359ms)
				ProcessInitializeOnLoadMethodAttributes (7ms)
				AfterProcessingInitializeOnLoad (2ms)
				EditorAssembliesLoaded (0ms)
			ExecutionOrderSort2 (0ms)
			AwakeInstancesAfterBackupRestoration (14ms)
Platform modules already initialized, skipping
Refreshing native plugins compatible for Editor in 0.51 ms, found 3 plugins.
Preloading 0 native plugins for Editor in 0.00 ms.
Unloading 2086 Unused Serialized files (Serialized files now loaded: 0)
System memory in use before: 237.5 MB.
System memory in use after: 237.6 MB.

Unloading 16 unused Assets to reduce memory usage. Loaded Objects now: 2632.
Total: 3.325121 ms (FindLiveObjects: 0.219237 ms CreateObjectMapping: 0.075447 ms MarkObjects: 3.013089 ms  DeleteObjects: 0.016549 ms)

AssetImportParameters requested are different than current active one (requested -> active):
  custom:video-decoder-ogg-theora: a1e56fd34408186e4bbccfd4996cb3dc -> 
  custom:container-muxer-webm: aa71ff27fc2769a1b78a27578f13a17b -> 
  custom:container-demuxer-webm: 4f35f7cbe854078d1ac9338744f61a02 -> 
  custom:container-demuxer-ogg: 62fdf1f143b41e24485cea50d1cbac27 -> 
  custom:video-encoder-webm-vp8: eb34c28f22e8b96e1ab97ce403110664 -> 
  custom:framework-osx-AVFoundation: e770b220cccbd017edd2c1fefb359320 -> 
  custom:video-decoder-webm-vp8: 9c59270c3fd7afecdb556c50c9e8de78 -> 
  custom:audio-decoder-ogg-vorbis: bf7c407c2cedff20999df2af8eb42d56 -> 
  custom:audio-encoder-webm-vorbis: bf7c407c2cedff20999df2af8eb42d56 -> 
========================================================================
Received Prepare
Registering precompiled user dll's ...
Registered in 0.012927 seconds.
Begin MonoManager ReloadAssembly
Native extension for OSXStandalone target not found
Native extension for WebGL target not found
Refreshing native plugins compatible for Editor in 0.54 ms, found 3 plugins.
Preloading 0 native plugins for Editor in 0.00 ms.
Mono: successfully reloaded assembly
- Completed reload, in  1.697 seconds
Domain Reload Profiling:
	ReloadAssembly (1698ms)
		BeginReloadAssembly (182ms)
			ExecutionOrderSort (0ms)
			DisableScriptedObjects (12ms)
			BackupInstance (0ms)
			ReleaseScriptingObjects (0ms)
			CreateAndSetChildDomain (88ms)
		EndReloadAssembly (1439ms)
			LoadAssemblies (262ms)
			RebuildTransferFunctionScriptingTraits (0ms)
			SetupTypeCache (392ms)
			ReleaseScriptCaches (1ms)
			RebuildScriptCaches (72ms)
			SetupLoadedEditorAssemblies (568ms)
				LogAssemblyErrors (0ms)
				InitializePlatformSupportModulesInManaged (9ms)
				SetLoadedEditorAssemblies (1ms)
				RefreshPlugins (1ms)
				BeforeProcessingInitializeOnLoad (151ms)
				ProcessInitializeOnLoadAttributes (399ms)
				ProcessInitializeOnLoadMethodAttributes (7ms)
				AfterProcessingInitializeOnLoad (2ms)
				EditorAssembliesLoaded (0ms)
			ExecutionOrderSort2 (0ms)
			AwakeInstancesAfterBackupRestoration (14ms)
Platform modules already initialized, skipping
Refreshing native plugins compatible for Editor in 0.49 ms, found 3 plugins.
Preloading 0 native plugins for Editor in 0.00 ms.
Unloading 2086 Unused Serialized files (Serialized files now loaded: 0)
System memory in use before: 237.7 MB.
System memory in use after: 237.8 MB.

Unloading 16 unused Assets to reduce memory usage. Loaded Objects now: 2635.
Total: 3.413137 ms (FindLiveObjects: 0.232700 ms CreateObjectMapping: 0.074505 ms MarkObjects: 3.089154 ms  DeleteObjects: 0.015569 ms)

AssetImportParameters requested are different than current active one (requested -> active):
  custom:video-decoder-ogg-theora: a1e56fd34408186e4bbccfd4996cb3dc -> 
  custom:container-muxer-webm: aa71ff27fc2769a1b78a27578f13a17b -> 
  custom:container-demuxer-webm: 4f35f7cbe854078d1ac9338744f61a02 -> 
  custom:container-demuxer-ogg: 62fdf1f143b41e24485cea50d1cbac27 -> 
  custom:video-encoder-webm-vp8: eb34c28f22e8b96e1ab97ce403110664 -> 
  custom:framework-osx-AVFoundation: e770b220cccbd017edd2c1fefb359320 -> 
  custom:video-decoder-webm-vp8: 9c59270c3fd7afecdb556c50c9e8de78 -> 
  custom:audio-decoder-ogg-vorbis: bf7c407c2cedff20999df2af8eb42d56 -> 
  custom:audio-encoder-webm-vorbis: bf7c407c2cedff20999df2af8eb42d56 -> 
========================================================================
Received Prepare
Registering precompiled user dll's ...
Registered in 0.009695 seconds.
Begin MonoManager ReloadAssembly
Native extension for OSXStandalone target not found
Native extension for WebGL target not found
Refreshing native plugins compatible for Editor in 0.53 ms, found 3 plugins.
Preloading 0 native plugins for Editor in 0.00 ms.
Mono: successfully reloaded assembly
- Completed reload, in  1.767 seconds
Domain Reload Profiling:
	ReloadAssembly (1768ms)
		BeginReloadAssembly (189ms)
			ExecutionOrderSort (0ms)
			DisableScriptedObjects (8ms)
			BackupInstance (0ms)
			ReleaseScriptingObjects (0ms)
			CreateAndSetChildDomain (83ms)
		EndReloadAssembly (1494ms)
			LoadAssemblies (256ms)
			RebuildTransferFunctionScriptingTraits (0ms)
			SetupTypeCache (412ms)
			ReleaseScriptCaches (1ms)
			RebuildScriptCaches (75ms)
			SetupLoadedEditorAssemblies (599ms)
				LogAssemblyErrors (0ms)
				InitializePlatformSupportModulesInManaged (10ms)
				SetLoadedEditorAssemblies (1ms)
				RefreshPlugins (1ms)
				BeforeProcessingInitializeOnLoad (165ms)
				ProcessInitializeOnLoadAttributes (415ms)
				ProcessInitializeOnLoadMethodAttributes (7ms)
				AfterProcessingInitializeOnLoad (2ms)
				EditorAssembliesLoaded (0ms)
			ExecutionOrderSort2 (0ms)
			AwakeInstancesAfterBackupRestoration (16ms)
Platform modules already initialized, skipping
Refreshing native plugins compatible for Editor in 0.51 ms, found 3 plugins.
Preloading 0 native plugins for Editor in 0.00 ms.
Unloading 2086 Unused Serialized files (Serialized files now loaded: 0)
System memory in use before: 237.9 MB.
System memory in use after: 238.0 MB.

Unloading 16 unused Assets to reduce memory usage. Loaded Objects now: 2638.
Total: 5.065029 ms (FindLiveObjects: 0.386854 ms CreateObjectMapping: 0.136094 ms MarkObjects: 4.515609 ms  DeleteObjects: 0.024806 ms)

AssetImportParameters requested are different than current active one (requested -> active):
  custom:video-decoder-ogg-theora: a1e56fd34408186e4bbccfd4996cb3dc -> 
  custom:container-muxer-webm: aa71ff27fc2769a1b78a27578f13a17b -> 
  custom:container-demuxer-webm: 4f35f7cbe854078d1ac9338744f61a02 -> 
  custom:container-demuxer-ogg: 62fdf1f143b41e24485cea50d1cbac27 -> 
  custom:video-encoder-webm-vp8: eb34c28f22e8b96e1ab97ce403110664 -> 
  custom:framework-osx-AVFoundation: e770b220cccbd017edd2c1fefb359320 -> 
  custom:video-decoder-webm-vp8: 9c59270c3fd7afecdb556c50c9e8de78 -> 
  custom:audio-decoder-ogg-vorbis: bf7c407c2cedff20999df2af8eb42d56 -> 
  custom:audio-encoder-webm-vorbis: bf7c407c2cedff20999df2af8eb42d56 -> 
